2025-07-10 16:34:11,530 - azure_utils - INFO - Azure config initialized - Dev mode: False, Managed Identity: True
2025-07-10 16:34:11,531 - azure_utils - INFO - User manager blob client initialized with connection string
2025-07-10 16:34:11,532 - azure.core.pipeline.policies.http_logging_policy - INFO - Request URL: 'https://egenthub7616267901.blob.core.windows.net/user-configs?restype=REDACTED'
Request method: 'PUT'
Request headers:
    'x-ms-version': 'REDACTED'
    'Accept': 'application/xml'
    'User-Agent': 'azsdk-python-storage-blob/12.23.1 Python/3.11.9 (Windows-10-10.0.22631-SP0)'
    'x-ms-date': 'REDACTED'
    'x-ms-client-request-id': '9041c1b0-5d92-11f0-ae50-088e9008c950'
    'Authorization': 'REDACTED'
No body was attached to the request
2025-07-10 16:34:11,545 - urllib3.connectionpool - DEBUG - Starting new HTTPS connection (1): egenthub7616267901.blob.core.windows.net:443
2025-07-10 16:34:12,089 - urllib3.connectionpool - DEBUG - https://egenthub7616267901.blob.core.windows.net:443 "PUT /user-configs?restype=container HTTP/1.1" 409 230
2025-07-10 16:34:12,093 - azure.core.pipeline.policies.http_logging_policy - INFO - Response status: 409
Response headers:
    'Content-Length': '230'
    'Content-Type': 'application/xml'
    'Server': 'Windows-Azure-Blob/1.0 Microsoft-HTTPAPI/2.0'
    'x-ms-request-id': '1fe6191d-601e-006d-279f-f10e91000000'
    'x-ms-client-request-id': '9041c1b0-5d92-11f0-ae50-088e9008c950'
    'x-ms-version': 'REDACTED'
    'x-ms-error-code': 'ContainerAlreadyExists'
    'Date': 'Thu, 10 Jul 2025 13:34:11 GMT'
2025-07-10 16:34:12,095 - azure_utils - DEBUG - User container creation info: The specified container already exists.
RequestId:1fe6191d-601e-006d-279f-f10e91000000
Time:2025-07-10T13:34:12.3292465Z
ErrorCode:ContainerAlreadyExists
Content: <?xml version="1.0" encoding="utf-8"?><Error><Code>ContainerAlreadyExists</Code><Message>The specified container already exists.
RequestId:1fe6191d-601e-006d-279f-f10e91000000
Time:2025-07-10T13:34:12.3292465Z</Message></Error>
2025-07-10 16:34:12,096 - azure.core.pipeline.policies.http_logging_policy - INFO - Request URL: 'https://egenthub7616267901.blob.core.windows.net/user-configs?restype=REDACTED&comp=REDACTED'
Request method: 'GET'
Request headers:
    'x-ms-version': 'REDACTED'
    'Accept': 'application/xml'
    'User-Agent': 'azsdk-python-storage-blob/12.23.1 Python/3.11.9 (Windows-10-10.0.22631-SP0)'
    'x-ms-date': 'REDACTED'
    'x-ms-client-request-id': '9097e7a2-5d92-11f0-ba8e-088e9008c950'
    'Authorization': 'REDACTED'
No body was attached to the request
2025-07-10 16:34:12,225 - urllib3.connectionpool - DEBUG - https://egenthub7616267901.blob.core.windows.net:443 "GET /user-configs?restype=container&comp=list HTTP/1.1" 200 None
2025-07-10 16:34:12,226 - azure.core.pipeline.policies.http_logging_policy - INFO - Response status: 200
Response headers:
    'Transfer-Encoding': 'chunked'
    'Content-Type': 'application/xml'
    'Vary': 'REDACTED'
    'Server': 'Windows-Azure-Blob/1.0 Microsoft-HTTPAPI/2.0'
    'x-ms-request-id': '1fe61a08-601e-006d-059f-f10e91000000'
    'x-ms-client-request-id': '9097e7a2-5d92-11f0-ba8e-088e9008c950'
    'x-ms-version': 'REDACTED'
    'Date': 'Thu, 10 Jul 2025 13:34:11 GMT'
2025-07-10 16:34:12,229 - azure.core.pipeline.policies.http_logging_policy - INFO - Request URL: 'https://egenthub7616267901.blob.core.windows.net/user-configs/admin.json'
Request method: 'GET'
Request headers:
    'x-ms-range': 'REDACTED'
    'x-ms-version': 'REDACTED'
    'Accept': 'application/xml'
    'User-Agent': 'azsdk-python-storage-blob/12.23.1 Python/3.11.9 (Windows-10-10.0.22631-SP0)'
    'x-ms-date': 'REDACTED'
    'x-ms-client-request-id': '90ac356c-5d92-11f0-a346-088e9008c950'
    'Authorization': 'REDACTED'
No body was attached to the request
2025-07-10 16:34:12,359 - urllib3.connectionpool - DEBUG - https://egenthub7616267901.blob.core.windows.net:443 "GET /user-configs/admin.json HTTP/1.1" 206 257
2025-07-10 16:34:12,360 - azure.core.pipeline.policies.http_logging_policy - INFO - Response status: 206
Response headers:
    'Content-Length': '257'
    'Content-Type': 'application/octet-stream'
    'Content-Range': 'REDACTED'
    'Last-Modified': 'Thu, 10 Jul 2025 08:01:05 GMT'
    'Accept-Ranges': 'REDACTED'
    'ETag': '"0x8DDBF87EBEA1AA5"'
    'Vary': 'REDACTED'
    'Server': 'Windows-Azure-Blob/1.0 Microsoft-HTTPAPI/2.0'
    'x-ms-request-id': '1fe61ab0-601e-006d-229f-f10e91000000'
    'x-ms-client-request-id': '90ac356c-5d92-11f0-a346-088e9008c950'
    'x-ms-version': 'REDACTED'
    'x-ms-creation-time': 'REDACTED'
    'x-ms-blob-content-md5': 'REDACTED'
    'x-ms-lease-status': 'REDACTED'
    'x-ms-lease-state': 'REDACTED'
    'x-ms-blob-type': 'REDACTED'
    'x-ms-server-encrypted': 'REDACTED'
    'Date': 'Thu, 10 Jul 2025 13:34:11 GMT'
2025-07-10 16:34:12,362 - azure.core.pipeline.policies.http_logging_policy - INFO - Request URL: 'https://egenthub7616267901.blob.core.windows.net/user-configs/ecihan%40egekimya.com.json'
Request method: 'GET'
Request headers:
    'x-ms-range': 'REDACTED'
    'x-ms-version': 'REDACTED'
    'Accept': 'application/xml'
    'User-Agent': 'azsdk-python-storage-blob/12.23.1 Python/3.11.9 (Windows-10-10.0.22631-SP0)'
    'x-ms-date': 'REDACTED'
    'x-ms-client-request-id': '90c07747-5d92-11f0-8512-088e9008c950'
    'Authorization': 'REDACTED'
No body was attached to the request
2025-07-10 16:34:12,489 - urllib3.connectionpool - DEBUG - https://egenthub7616267901.blob.core.windows.net:443 "GET /user-configs/ecihan%40egekimya.com.json HTTP/1.1" 206 386
2025-07-10 16:34:12,490 - azure.core.pipeline.policies.http_logging_policy - INFO - Response status: 206
Response headers:
    'Content-Length': '386'
    'Content-Type': 'application/octet-stream'
    'Content-Range': 'REDACTED'
    'Last-Modified': 'Thu, 10 Jul 2025 12:43:05 GMT'
    'Accept-Ranges': 'REDACTED'
    'ETag': '"0x8DDBFAF513C4671"'
    'Vary': 'REDACTED'
    'Server': 'Windows-Azure-Blob/1.0 Microsoft-HTTPAPI/2.0'
    'x-ms-request-id': '1fe61b59-601e-006d-3a9f-f10e91000000'
    'x-ms-client-request-id': '90c07747-5d92-11f0-8512-088e9008c950'
    'x-ms-version': 'REDACTED'
    'x-ms-creation-time': 'REDACTED'
    'x-ms-blob-content-md5': 'REDACTED'
    'x-ms-lease-status': 'REDACTED'
    'x-ms-lease-state': 'REDACTED'
    'x-ms-blob-type': 'REDACTED'
    'x-ms-server-encrypted': 'REDACTED'
    'Date': 'Thu, 10 Jul 2025 13:34:12 GMT'
2025-07-10 16:34:12,493 - azure.core.pipeline.policies.http_logging_policy - INFO - Request URL: 'https://egenthub7616267901.blob.core.windows.net/user-configs?restype=REDACTED&comp=REDACTED'
Request method: 'GET'
Request headers:
    'x-ms-version': 'REDACTED'
    'Accept': 'application/xml'
    'User-Agent': 'azsdk-python-storage-blob/12.23.1 Python/3.11.9 (Windows-10-10.0.22631-SP0)'
    'x-ms-date': 'REDACTED'
    'x-ms-client-request-id': '90d48244-5d92-11f0-a665-088e9008c950'
    'Authorization': 'REDACTED'
No body was attached to the request
2025-07-10 16:34:12,623 - urllib3.connectionpool - DEBUG - https://egenthub7616267901.blob.core.windows.net:443 "GET /user-configs?restype=container&comp=list HTTP/1.1" 200 None
2025-07-10 16:34:12,624 - azure.core.pipeline.policies.http_logging_policy - INFO - Response status: 200
Response headers:
    'Transfer-Encoding': 'chunked'
    'Content-Type': 'application/xml'
    'Vary': 'REDACTED'
    'Server': 'Windows-Azure-Blob/1.0 Microsoft-HTTPAPI/2.0'
    'x-ms-request-id': '1fe61bf2-601e-006d-4a9f-f10e91000000'
    'x-ms-client-request-id': '90d48244-5d92-11f0-a665-088e9008c950'
    'x-ms-version': 'REDACTED'
    'Date': 'Thu, 10 Jul 2025 13:34:12 GMT'
2025-07-10 16:34:12,627 - azure.core.pipeline.policies.http_logging_policy - INFO - Request URL: 'https://egenthub7616267901.blob.core.windows.net/user-configs/admin.json'
Request method: 'GET'
Request headers:
    'x-ms-range': 'REDACTED'
    'x-ms-version': 'REDACTED'
    'Accept': 'application/xml'
    'User-Agent': 'azsdk-python-storage-blob/12.23.1 Python/3.11.9 (Windows-10-10.0.22631-SP0)'
    'x-ms-date': 'REDACTED'
    'x-ms-client-request-id': '90e8dd18-5d92-11f0-ae64-088e9008c950'
    'Authorization': 'REDACTED'
No body was attached to the request
2025-07-10 16:34:12,754 - urllib3.connectionpool - DEBUG - https://egenthub7616267901.blob.core.windows.net:443 "GET /user-configs/admin.json HTTP/1.1" 206 257
2025-07-10 16:34:12,755 - azure.core.pipeline.policies.http_logging_policy - INFO - Response status: 206
Response headers:
    'Content-Length': '257'
    'Content-Type': 'application/octet-stream'
    'Content-Range': 'REDACTED'
    'Last-Modified': 'Thu, 10 Jul 2025 08:01:05 GMT'
    'Accept-Ranges': 'REDACTED'
    'ETag': '"0x8DDBF87EBEA1AA5"'
    'Vary': 'REDACTED'
    'Server': 'Windows-Azure-Blob/1.0 Microsoft-HTTPAPI/2.0'
    'x-ms-request-id': '1fe61c97-601e-006d-629f-f10e91000000'
    'x-ms-client-request-id': '90e8dd18-5d92-11f0-ae64-088e9008c950'
    'x-ms-version': 'REDACTED'
    'x-ms-creation-time': 'REDACTED'
    'x-ms-blob-content-md5': 'REDACTED'
    'x-ms-lease-status': 'REDACTED'
    'x-ms-lease-state': 'REDACTED'
    'x-ms-blob-type': 'REDACTED'
    'x-ms-server-encrypted': 'REDACTED'
    'Date': 'Thu, 10 Jul 2025 13:34:12 GMT'
2025-07-10 16:34:12,759 - azure.core.pipeline.policies.http_logging_policy - INFO - Request URL: 'https://egenthub7616267901.blob.core.windows.net/user-configs/ecihan%40egekimya.com.json'
Request method: 'GET'
Request headers:
    'x-ms-range': 'REDACTED'
    'x-ms-version': 'REDACTED'
    'Accept': 'application/xml'
    'User-Agent': 'azsdk-python-storage-blob/12.23.1 Python/3.11.9 (Windows-10-10.0.22631-SP0)'
    'x-ms-date': 'REDACTED'
    'x-ms-client-request-id': '90fd0874-5d92-11f0-8ba2-088e9008c950'
    'Authorization': 'REDACTED'
No body was attached to the request
2025-07-10 16:34:12,887 - urllib3.connectionpool - DEBUG - https://egenthub7616267901.blob.core.windows.net:443 "GET /user-configs/ecihan%40egekimya.com.json HTTP/1.1" 206 386
2025-07-10 16:34:12,888 - azure.core.pipeline.policies.http_logging_policy - INFO - Response status: 206
Response headers:
    'Content-Length': '386'
    'Content-Type': 'application/octet-stream'
    'Content-Range': 'REDACTED'
    'Last-Modified': 'Thu, 10 Jul 2025 12:43:05 GMT'
    'Accept-Ranges': 'REDACTED'
    'ETag': '"0x8DDBFAF513C4671"'
    'Vary': 'REDACTED'
    'Server': 'Windows-Azure-Blob/1.0 Microsoft-HTTPAPI/2.0'
    'x-ms-request-id': '1fe61d37-601e-006d-799f-f10e91000000'
    'x-ms-client-request-id': '90fd0874-5d92-11f0-8ba2-088e9008c950'
    'x-ms-version': 'REDACTED'
    'x-ms-creation-time': 'REDACTED'
    'x-ms-blob-content-md5': 'REDACTED'
    'x-ms-lease-status': 'REDACTED'
    'x-ms-lease-state': 'REDACTED'
    'x-ms-blob-type': 'REDACTED'
    'x-ms-server-encrypted': 'REDACTED'
    'Date': 'Thu, 10 Jul 2025 13:34:12 GMT'
2025-07-10 16:34:12,892 - azure.core.pipeline.policies.http_logging_policy - INFO - Request URL: 'https://egenthub7616267901.blob.core.windows.net/user-configs/admin.json'
Request method: 'GET'
Request headers:
    'x-ms-range': 'REDACTED'
    'x-ms-version': 'REDACTED'
    'Accept': 'application/xml'
    'User-Agent': 'azsdk-python-storage-blob/12.23.1 Python/3.11.9 (Windows-10-10.0.22631-SP0)'
    'x-ms-date': 'REDACTED'
    'x-ms-client-request-id': '911162db-5d92-11f0-a416-088e9008c950'
    'Authorization': 'REDACTED'
No body was attached to the request
2025-07-10 16:34:13,022 - urllib3.connectionpool - DEBUG - https://egenthub7616267901.blob.core.windows.net:443 "GET /user-configs/admin.json HTTP/1.1" 206 257
2025-07-10 16:34:13,023 - azure.core.pipeline.policies.http_logging_policy - INFO - Response status: 206
Response headers:
    'Content-Length': '257'
    'Content-Type': 'application/octet-stream'
    'Content-Range': 'REDACTED'
    'Last-Modified': 'Thu, 10 Jul 2025 08:01:05 GMT'
    'Accept-Ranges': 'REDACTED'
    'ETag': '"0x8DDBF87EBEA1AA5"'
    'Vary': 'REDACTED'
    'Server': 'Windows-Azure-Blob/1.0 Microsoft-HTTPAPI/2.0'
    'x-ms-request-id': '1fe61de3-601e-006d-1a9f-f10e91000000'
    'x-ms-client-request-id': '911162db-5d92-11f0-a416-088e9008c950'
    'x-ms-version': 'REDACTED'
    'x-ms-creation-time': 'REDACTED'
    'x-ms-blob-content-md5': 'REDACTED'
    'x-ms-lease-status': 'REDACTED'
    'x-ms-lease-state': 'REDACTED'
    'x-ms-blob-type': 'REDACTED'
    'x-ms-server-encrypted': 'REDACTED'
    'Date': 'Thu, 10 Jul 2025 13:34:12 GMT'
2025-07-10 16:35:05,738 - azure_utils - INFO - Azure config initialized - Dev mode: False, Managed Identity: True
2025-07-10 16:35:05,739 - azure_utils - INFO - User manager blob client initialized with connection string
2025-07-10 16:35:05,740 - azure.core.pipeline.policies.http_logging_policy - INFO - Request URL: 'https://egenthub7616267901.blob.core.windows.net/user-configs?restype=REDACTED'
Request method: 'PUT'
Request headers:
    'x-ms-version': 'REDACTED'
    'Accept': 'application/xml'
    'User-Agent': 'azsdk-python-storage-blob/12.23.1 Python/3.11.9 (Windows-10-10.0.22631-SP0)'
    'x-ms-date': 'REDACTED'
    'x-ms-client-request-id': 'b0911484-5d92-11f0-ac35-088e9008c950'
    'Authorization': 'REDACTED'
No body was attached to the request
2025-07-10 16:35:05,741 - urllib3.connectionpool - DEBUG - Starting new HTTPS connection (1): egenthub7616267901.blob.core.windows.net:443
2025-07-10 16:35:06,314 - urllib3.connectionpool - DEBUG - https://egenthub7616267901.blob.core.windows.net:443 "PUT /user-configs?restype=container HTTP/1.1" 409 230
2025-07-10 16:35:06,317 - azure.core.pipeline.policies.http_logging_policy - INFO - Response status: 409
Response headers:
    'Content-Length': '230'
    'Content-Type': 'application/xml'
    'Server': 'Windows-Azure-Blob/1.0 Microsoft-HTTPAPI/2.0'
    'x-ms-request-id': 'de28c1d8-f01e-0040-349f-f1bde2000000'
    'x-ms-client-request-id': 'b0911484-5d92-11f0-ac35-088e9008c950'
    'x-ms-version': 'REDACTED'
    'x-ms-error-code': 'ContainerAlreadyExists'
    'Date': 'Thu, 10 Jul 2025 13:35:05 GMT'
2025-07-10 16:35:06,319 - azure_utils - DEBUG - User container creation info: The specified container already exists.
RequestId:de28c1d8-f01e-0040-349f-f1bde2000000
Time:2025-07-10T13:35:06.5569746Z
ErrorCode:ContainerAlreadyExists
Content: <?xml version="1.0" encoding="utf-8"?><Error><Code>ContainerAlreadyExists</Code><Message>The specified container already exists.
RequestId:de28c1d8-f01e-0040-349f-f1bde2000000
Time:2025-07-10T13:35:06.5569746Z</Message></Error>
2025-07-10 16:35:06,321 - azure.core.pipeline.policies.http_logging_policy - INFO - Request URL: 'https://egenthub7616267901.blob.core.windows.net/user-configs?restype=REDACTED&comp=REDACTED'
Request method: 'GET'
Request headers:
    'x-ms-version': 'REDACTED'
    'Accept': 'application/xml'
    'User-Agent': 'azsdk-python-storage-blob/12.23.1 Python/3.11.9 (Windows-10-10.0.22631-SP0)'
    'x-ms-date': 'REDACTED'
    'x-ms-client-request-id': 'b0e9c205-5d92-11f0-86c1-088e9008c950'
    'Authorization': 'REDACTED'
No body was attached to the request
2025-07-10 16:35:06,450 - urllib3.connectionpool - DEBUG - https://egenthub7616267901.blob.core.windows.net:443 "GET /user-configs?restype=container&comp=list HTTP/1.1" 200 None
2025-07-10 16:35:06,451 - azure.core.pipeline.policies.http_logging_policy - INFO - Response status: 200
Response headers:
    'Transfer-Encoding': 'chunked'
    'Content-Type': 'application/xml'
    'Vary': 'REDACTED'
    'Server': 'Windows-Azure-Blob/1.0 Microsoft-HTTPAPI/2.0'
    'x-ms-request-id': 'de28c2a1-f01e-0040-6f9f-f1bde2000000'
    'x-ms-client-request-id': 'b0e9c205-5d92-11f0-86c1-088e9008c950'
    'x-ms-version': 'REDACTED'
    'Date': 'Thu, 10 Jul 2025 13:35:06 GMT'
2025-07-10 16:35:06,455 - azure.core.pipeline.policies.http_logging_policy - INFO - Request URL: 'https://egenthub7616267901.blob.core.windows.net/user-configs/admin.json'
Request method: 'GET'
Request headers:
    'x-ms-range': 'REDACTED'
    'x-ms-version': 'REDACTED'
    'Accept': 'application/xml'
    'User-Agent': 'azsdk-python-storage-blob/12.23.1 Python/3.11.9 (Windows-10-10.0.22631-SP0)'
    'x-ms-date': 'REDACTED'
    'x-ms-client-request-id': 'b0fe6023-5d92-11f0-bc4c-088e9008c950'
    'Authorization': 'REDACTED'
No body was attached to the request
2025-07-10 16:35:06,583 - urllib3.connectionpool - DEBUG - https://egenthub7616267901.blob.core.windows.net:443 "GET /user-configs/admin.json HTTP/1.1" 206 257
2025-07-10 16:35:06,584 - azure.core.pipeline.policies.http_logging_policy - INFO - Response status: 206
Response headers:
    'Content-Length': '257'
    'Content-Type': 'application/octet-stream'
    'Content-Range': 'REDACTED'
    'Last-Modified': 'Thu, 10 Jul 2025 08:01:05 GMT'
    'Accept-Ranges': 'REDACTED'
    'ETag': '"0x8DDBF87EBEA1AA5"'
    'Vary': 'REDACTED'
    'Server': 'Windows-Azure-Blob/1.0 Microsoft-HTTPAPI/2.0'
    'x-ms-request-id': 'de28c34a-f01e-0040-039f-f1bde2000000'
    'x-ms-client-request-id': 'b0fe6023-5d92-11f0-bc4c-088e9008c950'
    'x-ms-version': 'REDACTED'
    'x-ms-creation-time': 'REDACTED'
    'x-ms-blob-content-md5': 'REDACTED'
    'x-ms-lease-status': 'REDACTED'
    'x-ms-lease-state': 'REDACTED'
    'x-ms-blob-type': 'REDACTED'
    'x-ms-server-encrypted': 'REDACTED'
    'Date': 'Thu, 10 Jul 2025 13:35:06 GMT'
2025-07-10 16:35:06,586 - azure.core.pipeline.policies.http_logging_policy - INFO - Request URL: 'https://egenthub7616267901.blob.core.windows.net/user-configs/ecihan%40egekimya.com.json'
Request method: 'GET'
Request headers:
    'x-ms-range': 'REDACTED'
    'x-ms-version': 'REDACTED'
    'Accept': 'application/xml'
    'User-Agent': 'azsdk-python-storage-blob/12.23.1 Python/3.11.9 (Windows-10-10.0.22631-SP0)'
    'x-ms-date': 'REDACTED'
    'x-ms-client-request-id': 'b1126caf-5d92-11f0-92bd-088e9008c950'
    'Authorization': 'REDACTED'
No body was attached to the request
2025-07-10 16:35:06,714 - urllib3.connectionpool - DEBUG - https://egenthub7616267901.blob.core.windows.net:443 "GET /user-configs/ecihan%40egekimya.com.json HTTP/1.1" 206 386
2025-07-10 16:35:06,716 - azure.core.pipeline.policies.http_logging_policy - INFO - Response status: 206
Response headers:
    'Content-Length': '386'
    'Content-Type': 'application/octet-stream'
    'Content-Range': 'REDACTED'
    'Last-Modified': 'Thu, 10 Jul 2025 12:43:05 GMT'
    'Accept-Ranges': 'REDACTED'
    'ETag': '"0x8DDBFAF513C4671"'
    'Vary': 'REDACTED'
    'Server': 'Windows-Azure-Blob/1.0 Microsoft-HTTPAPI/2.0'
    'x-ms-request-id': 'de28c3ff-f01e-0040-289f-f1bde2000000'
    'x-ms-client-request-id': 'b1126caf-5d92-11f0-92bd-088e9008c950'
    'x-ms-version': 'REDACTED'
    'x-ms-creation-time': 'REDACTED'
    'x-ms-blob-content-md5': 'REDACTED'
    'x-ms-lease-status': 'REDACTED'
    'x-ms-lease-state': 'REDACTED'
    'x-ms-blob-type': 'REDACTED'
    'x-ms-server-encrypted': 'REDACTED'
    'Date': 'Thu, 10 Jul 2025 13:35:06 GMT'
2025-07-10 16:35:06,719 - azure.core.pipeline.policies.http_logging_policy - INFO - Request URL: 'https://egenthub7616267901.blob.core.windows.net/user-configs/admin.json'
Request method: 'GET'
Request headers:
    'x-ms-range': 'REDACTED'
    'x-ms-version': 'REDACTED'
    'Accept': 'application/xml'
    'User-Agent': 'azsdk-python-storage-blob/12.23.1 Python/3.11.9 (Windows-10-10.0.22631-SP0)'
    'x-ms-date': 'REDACTED'
    'x-ms-client-request-id': 'b1269ee7-5d92-11f0-9cfb-088e9008c950'
    'Authorization': 'REDACTED'
No body was attached to the request
2025-07-10 16:35:06,847 - urllib3.connectionpool - DEBUG - https://egenthub7616267901.blob.core.windows.net:443 "GET /user-configs/admin.json HTTP/1.1" 206 257
2025-07-10 16:35:06,848 - azure.core.pipeline.policies.http_logging_policy - INFO - Response status: 206
Response headers:
    'Content-Length': '257'
    'Content-Type': 'application/octet-stream'
    'Content-Range': 'REDACTED'
    'Last-Modified': 'Thu, 10 Jul 2025 08:01:05 GMT'
    'Accept-Ranges': 'REDACTED'
    'ETag': '"0x8DDBF87EBEA1AA5"'
    'Vary': 'REDACTED'
    'Server': 'Windows-Azure-Blob/1.0 Microsoft-HTTPAPI/2.0'
    'x-ms-request-id': 'de28c4ba-f01e-0040-4e9f-f1bde2000000'
    'x-ms-client-request-id': 'b1269ee7-5d92-11f0-9cfb-088e9008c950'
    'x-ms-version': 'REDACTED'
    'x-ms-creation-time': 'REDACTED'
    'x-ms-blob-content-md5': 'REDACTED'
    'x-ms-lease-status': 'REDACTED'
    'x-ms-lease-state': 'REDACTED'
    'x-ms-blob-type': 'REDACTED'
    'x-ms-server-encrypted': 'REDACTED'
    'Date': 'Thu, 10 Jul 2025 13:35:06 GMT'
2025-07-10 16:35:06,851 - azure.core.pipeline.policies.http_logging_policy - INFO - Request URL: 'https://egenthub7616267901.blob.core.windows.net/user-configs/admin.json'
Request method: 'PUT'
Request headers:
    'Content-Length': '257'
    'x-ms-blob-type': 'REDACTED'
    'x-ms-version': 'REDACTED'
    'Content-Type': 'application/octet-stream'
    'Accept': 'application/xml'
    'User-Agent': 'azsdk-python-storage-blob/12.23.1 Python/3.11.9 (Windows-10-10.0.22631-SP0)'
    'x-ms-date': 'REDACTED'
    'x-ms-client-request-id': 'b13acc2e-5d92-11f0-8696-088e9008c950'
    'Authorization': 'REDACTED'
A body is sent with the request
2025-07-10 16:35:06,980 - urllib3.connectionpool - DEBUG - https://egenthub7616267901.blob.core.windows.net:443 "PUT /user-configs/admin.json HTTP/1.1" 201 0
2025-07-10 16:35:06,981 - azure.core.pipeline.policies.http_logging_policy - INFO - Response status: 201
Response headers:
    'Content-Length': '0'
    'Content-MD5': 'REDACTED'
    'Last-Modified': 'Thu, 10 Jul 2025 13:35:07 GMT'
    'ETag': '"0x8DDBFB695A74782"'
    'Server': 'Windows-Azure-Blob/1.0 Microsoft-HTTPAPI/2.0'
    'x-ms-request-id': 'de28c550-f01e-0040-579f-f1bde2000000'
    'x-ms-client-request-id': 'b13acc2e-5d92-11f0-8696-088e9008c950'
    'x-ms-version': 'REDACTED'
    'x-ms-content-crc64': 'REDACTED'
    'x-ms-request-server-encrypted': 'REDACTED'
    'Date': 'Thu, 10 Jul 2025 13:35:06 GMT'
2025-07-10 16:35:06,983 - azure.core.pipeline.policies.http_logging_policy - INFO - Request URL: 'https://egenthub7616267901.blob.core.windows.net/user-configs/admin.json'
Request method: 'GET'
Request headers:
    'x-ms-range': 'REDACTED'
    'x-ms-version': 'REDACTED'
    'Accept': 'application/xml'
    'User-Agent': 'azsdk-python-storage-blob/12.23.1 Python/3.11.9 (Windows-10-10.0.22631-SP0)'
    'x-ms-date': 'REDACTED'
    'x-ms-client-request-id': 'b14ef620-5d92-11f0-a7d2-088e9008c950'
    'Authorization': 'REDACTED'
No body was attached to the request
2025-07-10 16:35:07,110 - urllib3.connectionpool - DEBUG - https://egenthub7616267901.blob.core.windows.net:443 "GET /user-configs/admin.json HTTP/1.1" 206 257
2025-07-10 16:35:07,111 - azure.core.pipeline.policies.http_logging_policy - INFO - Response status: 206
Response headers:
    'Content-Length': '257'
    'Content-Type': 'application/octet-stream'
    'Content-Range': 'REDACTED'
    'Last-Modified': 'Thu, 10 Jul 2025 13:35:07 GMT'
    'Accept-Ranges': 'REDACTED'
    'ETag': '"0x8DDBFB695A74782"'
    'Vary': 'REDACTED'
    'Server': 'Windows-Azure-Blob/1.0 Microsoft-HTTPAPI/2.0'
    'x-ms-request-id': 'de28c5dc-f01e-0040-529f-f1bde2000000'
    'x-ms-client-request-id': 'b14ef620-5d92-11f0-a7d2-088e9008c950'
    'x-ms-version': 'REDACTED'
    'x-ms-creation-time': 'REDACTED'
    'x-ms-blob-content-md5': 'REDACTED'
    'x-ms-lease-status': 'REDACTED'
    'x-ms-lease-state': 'REDACTED'
    'x-ms-blob-type': 'REDACTED'
    'x-ms-server-encrypted': 'REDACTED'
    'Date': 'Thu, 10 Jul 2025 13:35:06 GMT'
2025-07-10 16:35:23,763 - azure_utils - INFO - Azure config initialized - Dev mode: False, Managed Identity: True
2025-07-10 16:35:23,764 - azure_utils - INFO - User manager blob client initialized with connection string
2025-07-10 16:35:23,765 - azure.core.pipeline.policies.http_logging_policy - INFO - Request URL: 'https://egenthub7616267901.blob.core.windows.net/user-configs?restype=REDACTED'
Request method: 'PUT'
Request headers:
    'x-ms-version': 'REDACTED'
    'Accept': 'application/xml'
    'User-Agent': 'azsdk-python-storage-blob/12.23.1 Python/3.11.9 (Windows-10-10.0.22631-SP0)'
    'x-ms-date': 'REDACTED'
    'x-ms-client-request-id': 'bb4f9ceb-5d92-11f0-ad44-088e9008c950'
    'Authorization': 'REDACTED'
No body was attached to the request
2025-07-10 16:35:23,768 - urllib3.connectionpool - DEBUG - Starting new HTTPS connection (1): egenthub7616267901.blob.core.windows.net:443
2025-07-10 16:35:24,294 - urllib3.connectionpool - DEBUG - https://egenthub7616267901.blob.core.windows.net:443 "PUT /user-configs?restype=container HTTP/1.1" 409 230
2025-07-10 16:35:24,297 - azure.core.pipeline.policies.http_logging_policy - INFO - Response status: 409
Response headers:
    'Content-Length': '230'
    'Content-Type': 'application/xml'
    'Server': 'Windows-Azure-Blob/1.0 Microsoft-HTTPAPI/2.0'
    'x-ms-request-id': '34f9e7ef-201e-006c-0c9f-f1514d000000'
    'x-ms-client-request-id': 'bb4f9ceb-5d92-11f0-ad44-088e9008c950'
    'x-ms-version': 'REDACTED'
    'x-ms-error-code': 'ContainerAlreadyExists'
    'Date': 'Thu, 10 Jul 2025 13:35:23 GMT'
2025-07-10 16:35:24,299 - azure_utils - DEBUG - User container creation info: The specified container already exists.
RequestId:34f9e7ef-201e-006c-0c9f-f1514d000000
Time:2025-07-10T13:35:24.5351883Z
ErrorCode:ContainerAlreadyExists
Content: <?xml version="1.0" encoding="utf-8"?><Error><Code>ContainerAlreadyExists</Code><Message>The specified container already exists.
RequestId:34f9e7ef-201e-006c-0c9f-f1514d000000
Time:2025-07-10T13:35:24.5351883Z</Message></Error>
2025-07-10 16:35:24,300 - azure.core.pipeline.policies.http_logging_policy - INFO - Request URL: 'https://egenthub7616267901.blob.core.windows.net/user-configs?restype=REDACTED&comp=REDACTED'
Request method: 'GET'
Request headers:
    'x-ms-version': 'REDACTED'
    'Accept': 'application/xml'
    'User-Agent': 'azsdk-python-storage-blob/12.23.1 Python/3.11.9 (Windows-10-10.0.22631-SP0)'
    'x-ms-date': 'REDACTED'
    'x-ms-client-request-id': 'bba1351d-5d92-11f0-835d-088e9008c950'
    'Authorization': 'REDACTED'
No body was attached to the request
2025-07-10 16:35:24,432 - urllib3.connectionpool - DEBUG - https://egenthub7616267901.blob.core.windows.net:443 "GET /user-configs?restype=container&comp=list HTTP/1.1" 200 None
2025-07-10 16:35:24,432 - azure.core.pipeline.policies.http_logging_policy - INFO - Response status: 200
Response headers:
    'Transfer-Encoding': 'chunked'
    'Content-Type': 'application/xml'
    'Vary': 'REDACTED'
    'Server': 'Windows-Azure-Blob/1.0 Microsoft-HTTPAPI/2.0'
    'x-ms-request-id': '34f9e89f-201e-006c-259f-f1514d000000'
    'x-ms-client-request-id': 'bba1351d-5d92-11f0-835d-088e9008c950'
    'x-ms-version': 'REDACTED'
    'Date': 'Thu, 10 Jul 2025 13:35:23 GMT'
2025-07-10 16:35:24,434 - azure.core.pipeline.policies.http_logging_policy - INFO - Request URL: 'https://egenthub7616267901.blob.core.windows.net/user-configs/admin.json'
Request method: 'GET'
Request headers:
    'x-ms-range': 'REDACTED'
    'x-ms-version': 'REDACTED'
    'Accept': 'application/xml'
    'User-Agent': 'azsdk-python-storage-blob/12.23.1 Python/3.11.9 (Windows-10-10.0.22631-SP0)'
    'x-ms-date': 'REDACTED'
    'x-ms-client-request-id': 'bbb5c630-5d92-11f0-8e23-088e9008c950'
    'Authorization': 'REDACTED'
No body was attached to the request
2025-07-10 16:35:24,563 - urllib3.connectionpool - DEBUG - https://egenthub7616267901.blob.core.windows.net:443 "GET /user-configs/admin.json HTTP/1.1" 206 257
2025-07-10 16:35:24,564 - azure.core.pipeline.policies.http_logging_policy - INFO - Response status: 206
Response headers:
    'Content-Length': '257'
    'Content-Type': 'application/octet-stream'
    'Content-Range': 'REDACTED'
    'Last-Modified': 'Thu, 10 Jul 2025 13:35:07 GMT'
    'Accept-Ranges': 'REDACTED'
    'ETag': '"0x8DDBFB695A74782"'
    'Vary': 'REDACTED'
    'Server': 'Windows-Azure-Blob/1.0 Microsoft-HTTPAPI/2.0'
    'x-ms-request-id': '34f9e918-201e-006c-139f-f1514d000000'
    'x-ms-client-request-id': 'bbb5c630-5d92-11f0-8e23-088e9008c950'
    'x-ms-version': 'REDACTED'
    'x-ms-creation-time': 'REDACTED'
    'x-ms-blob-content-md5': 'REDACTED'
    'x-ms-lease-status': 'REDACTED'
    'x-ms-lease-state': 'REDACTED'
    'x-ms-blob-type': 'REDACTED'
    'x-ms-server-encrypted': 'REDACTED'
    'Date': 'Thu, 10 Jul 2025 13:35:24 GMT'
2025-07-10 16:35:24,566 - azure.core.pipeline.policies.http_logging_policy - INFO - Request URL: 'https://egenthub7616267901.blob.core.windows.net/user-configs/ecihan%40egekimya.com.json'
Request method: 'GET'
Request headers:
    'x-ms-range': 'REDACTED'
    'x-ms-version': 'REDACTED'
    'Accept': 'application/xml'
    'User-Agent': 'azsdk-python-storage-blob/12.23.1 Python/3.11.9 (Windows-10-10.0.22631-SP0)'
    'x-ms-date': 'REDACTED'
    'x-ms-client-request-id': 'bbc9f2cb-5d92-11f0-bc42-088e9008c950'
    'Authorization': 'REDACTED'
No body was attached to the request
2025-07-10 16:35:24,697 - urllib3.connectionpool - DEBUG - https://egenthub7616267901.blob.core.windows.net:443 "GET /user-configs/ecihan%40egekimya.com.json HTTP/1.1" 206 386
2025-07-10 16:35:24,697 - azure.core.pipeline.policies.http_logging_policy - INFO - Response status: 206
Response headers:
    'Content-Length': '386'
    'Content-Type': 'application/octet-stream'
    'Content-Range': 'REDACTED'
    'Last-Modified': 'Thu, 10 Jul 2025 12:43:05 GMT'
    'Accept-Ranges': 'REDACTED'
    'ETag': '"0x8DDBFAF513C4671"'
    'Vary': 'REDACTED'
    'Server': 'Windows-Azure-Blob/1.0 Microsoft-HTTPAPI/2.0'
    'x-ms-request-id': '34f9e9a3-201e-006c-0a9f-f1514d000000'
    'x-ms-client-request-id': 'bbc9f2cb-5d92-11f0-bc42-088e9008c950'
    'x-ms-version': 'REDACTED'
    'x-ms-creation-time': 'REDACTED'
    'x-ms-blob-content-md5': 'REDACTED'
    'x-ms-lease-status': 'REDACTED'
    'x-ms-lease-state': 'REDACTED'
    'x-ms-blob-type': 'REDACTED'
    'x-ms-server-encrypted': 'REDACTED'
    'Date': 'Thu, 10 Jul 2025 13:35:24 GMT'
2025-07-10 16:35:24,699 - azure.core.pipeline.policies.http_logging_policy - INFO - Request URL: 'https://egenthub7616267901.blob.core.windows.net/user-configs/admin.json'
Request method: 'GET'
Request headers:
    'x-ms-range': 'REDACTED'
    'x-ms-version': 'REDACTED'
    'Accept': 'application/xml'
    'User-Agent': 'azsdk-python-storage-blob/12.23.1 Python/3.11.9 (Windows-10-10.0.22631-SP0)'
    'x-ms-date': 'REDACTED'
    'x-ms-client-request-id': 'bbde4234-5d92-11f0-8d54-088e9008c950'
    'Authorization': 'REDACTED'
No body was attached to the request
2025-07-10 16:35:24,830 - urllib3.connectionpool - DEBUG - https://egenthub7616267901.blob.core.windows.net:443 "GET /user-configs/admin.json HTTP/1.1" 206 257
2025-07-10 16:35:24,832 - azure.core.pipeline.policies.http_logging_policy - INFO - Response status: 206
Response headers:
    'Content-Length': '257'
    'Content-Type': 'application/octet-stream'
    'Content-Range': 'REDACTED'
    'Last-Modified': 'Thu, 10 Jul 2025 13:35:07 GMT'
    'Accept-Ranges': 'REDACTED'
    'ETag': '"0x8DDBFB695A74782"'
    'Vary': 'REDACTED'
    'Server': 'Windows-Azure-Blob/1.0 Microsoft-HTTPAPI/2.0'
    'x-ms-request-id': '34f9ea34-201e-006c-119f-f1514d000000'
    'x-ms-client-request-id': 'bbde4234-5d92-11f0-8d54-088e9008c950'
    'x-ms-version': 'REDACTED'
    'x-ms-creation-time': 'REDACTED'
    'x-ms-blob-content-md5': 'REDACTED'
    'x-ms-lease-status': 'REDACTED'
    'x-ms-lease-state': 'REDACTED'
    'x-ms-blob-type': 'REDACTED'
    'x-ms-server-encrypted': 'REDACTED'
    'Date': 'Thu, 10 Jul 2025 13:35:24 GMT'
2025-07-10 16:35:24,834 - azure.core.pipeline.policies.http_logging_policy - INFO - Request URL: 'https://egenthub7616267901.blob.core.windows.net/user-configs/admin.json'
Request method: 'GET'
Request headers:
    'x-ms-range': 'REDACTED'
    'x-ms-version': 'REDACTED'
    'Accept': 'application/xml'
    'User-Agent': 'azsdk-python-storage-blob/12.23.1 Python/3.11.9 (Windows-10-10.0.22631-SP0)'
    'x-ms-date': 'REDACTED'
    'x-ms-client-request-id': 'bbf2d8d8-5d92-11f0-b50c-088e9008c950'
    'Authorization': 'REDACTED'
No body was attached to the request
2025-07-10 16:35:24,963 - urllib3.connectionpool - DEBUG - https://egenthub7616267901.blob.core.windows.net:443 "GET /user-configs/admin.json HTTP/1.1" 206 257
2025-07-10 16:35:24,964 - azure.core.pipeline.policies.http_logging_policy - INFO - Response status: 206
Response headers:
    'Content-Length': '257'
    'Content-Type': 'application/octet-stream'
    'Content-Range': 'REDACTED'
    'Last-Modified': 'Thu, 10 Jul 2025 13:35:07 GMT'
    'Accept-Ranges': 'REDACTED'
    'ETag': '"0x8DDBFB695A74782"'
    'Vary': 'REDACTED'
    'Server': 'Windows-Azure-Blob/1.0 Microsoft-HTTPAPI/2.0'
    'x-ms-request-id': '34f9eac9-201e-006c-089f-f1514d000000'
    'x-ms-client-request-id': 'bbf2d8d8-5d92-11f0-b50c-088e9008c950'
    'x-ms-version': 'REDACTED'
    'x-ms-creation-time': 'REDACTED'
    'x-ms-blob-content-md5': 'REDACTED'
    'x-ms-lease-status': 'REDACTED'
    'x-ms-lease-state': 'REDACTED'
    'x-ms-blob-type': 'REDACTED'
    'x-ms-server-encrypted': 'REDACTED'
    'Date': 'Thu, 10 Jul 2025 13:35:24 GMT'
2025-07-10 16:43:58,529 - azure_utils - INFO - Azure config initialized - Dev mode: False, Managed Identity: True
2025-07-10 16:43:58,530 - azure_utils - INFO - User manager blob client initialized with connection string
2025-07-10 16:43:58,530 - azure.core.pipeline.policies.http_logging_policy - INFO - Request URL: 'https://egenthub7616267901.blob.core.windows.net/user-configs?restype=REDACTED'
Request method: 'PUT'
Request headers:
    'x-ms-version': 'REDACTED'
    'Accept': 'application/xml'
    'User-Agent': 'azsdk-python-storage-blob/12.23.1 Python/3.11.9 (Windows-10-10.0.22631-SP0)'
    'x-ms-date': 'REDACTED'
    'x-ms-client-request-id': 'ee22a3bb-5d93-11f0-aaf1-088e9008c950'
    'Authorization': 'REDACTED'
No body was attached to the request
2025-07-10 16:43:58,532 - urllib3.connectionpool - DEBUG - Starting new HTTPS connection (1): egenthub7616267901.blob.core.windows.net:443
2025-07-10 16:43:59,086 - urllib3.connectionpool - DEBUG - https://egenthub7616267901.blob.core.windows.net:443 "PUT /user-configs?restype=container HTTP/1.1" 409 230
2025-07-10 16:43:59,089 - azure.core.pipeline.policies.http_logging_policy - INFO - Response status: 409
Response headers:
    'Content-Length': '230'
    'Content-Type': 'application/xml'
    'Server': 'Windows-Azure-Blob/1.0 Microsoft-HTTPAPI/2.0'
    'x-ms-request-id': '2e767b36-101e-0067-45a0-f1aa26000000'
    'x-ms-client-request-id': 'ee22a3bb-5d93-11f0-aaf1-088e9008c950'
    'x-ms-version': 'REDACTED'
    'x-ms-error-code': 'ContainerAlreadyExists'
    'Date': 'Thu, 10 Jul 2025 13:43:58 GMT'
2025-07-10 16:43:59,090 - azure_utils - DEBUG - User container creation info: The specified container already exists.
RequestId:2e767b36-101e-0067-45a0-f1aa26000000
Time:2025-07-10T13:43:59.3586548Z
ErrorCode:ContainerAlreadyExists
Content: <?xml version="1.0" encoding="utf-8"?><Error><Code>ContainerAlreadyExists</Code><Message>The specified container already exists.
RequestId:2e767b36-101e-0067-45a0-f1aa26000000
Time:2025-07-10T13:43:59.3586548Z</Message></Error>
2025-07-10 16:43:59,091 - azure.core.pipeline.policies.http_logging_policy - INFO - Request URL: 'https://egenthub7616267901.blob.core.windows.net/user-configs?restype=REDACTED&comp=REDACTED'
Request method: 'GET'
Request headers:
    'x-ms-version': 'REDACTED'
    'Accept': 'application/xml'
    'User-Agent': 'azsdk-python-storage-blob/12.23.1 Python/3.11.9 (Windows-10-10.0.22631-SP0)'
    'x-ms-date': 'REDACTED'
    'x-ms-client-request-id': 'ee78287c-5d93-11f0-b7ce-088e9008c950'
    'Authorization': 'REDACTED'
No body was attached to the request
2025-07-10 16:43:59,216 - urllib3.connectionpool - DEBUG - https://egenthub7616267901.blob.core.windows.net:443 "GET /user-configs?restype=container&comp=list HTTP/1.1" 200 None
2025-07-10 16:43:59,338 - azure.core.pipeline.policies.http_logging_policy - INFO - Response status: 200
Response headers:
    'Transfer-Encoding': 'chunked'
    'Content-Type': 'application/xml'
    'Vary': 'REDACTED'
    'Server': 'Windows-Azure-Blob/1.0 Microsoft-HTTPAPI/2.0'
    'x-ms-request-id': '2e767bdb-101e-0067-61a0-f1aa26000000'
    'x-ms-client-request-id': 'ee78287c-5d93-11f0-b7ce-088e9008c950'
    'x-ms-version': 'REDACTED'
    'Date': 'Thu, 10 Jul 2025 13:43:59 GMT'
2025-07-10 16:43:59,340 - azure.core.pipeline.policies.http_logging_policy - INFO - Request URL: 'https://egenthub7616267901.blob.core.windows.net/user-configs/admin.json'
Request method: 'GET'
Request headers:
    'x-ms-range': 'REDACTED'
    'x-ms-version': 'REDACTED'
    'Accept': 'application/xml'
    'User-Agent': 'azsdk-python-storage-blob/12.23.1 Python/3.11.9 (Windows-10-10.0.22631-SP0)'
    'x-ms-date': 'REDACTED'
    'x-ms-client-request-id': 'ee9e2a8e-5d93-11f0-94ba-088e9008c950'
    'Authorization': 'REDACTED'
No body was attached to the request
2025-07-10 16:43:59,466 - urllib3.connectionpool - DEBUG - https://egenthub7616267901.blob.core.windows.net:443 "GET /user-configs/admin.json HTTP/1.1" 206 257
2025-07-10 16:43:59,467 - azure.core.pipeline.policies.http_logging_policy - INFO - Response status: 206
Response headers:
    'Content-Length': '257'
    'Content-Type': 'application/octet-stream'
    'Content-Range': 'REDACTED'
    'Last-Modified': 'Thu, 10 Jul 2025 13:35:07 GMT'
    'Accept-Ranges': 'REDACTED'
    'ETag': '"0x8DDBFB695A74782"'
    'Vary': 'REDACTED'
    'Server': 'Windows-Azure-Blob/1.0 Microsoft-HTTPAPI/2.0'
    'x-ms-request-id': '2e767cee-101e-0067-67a0-f1aa26000000'
    'x-ms-client-request-id': 'ee9e2a8e-5d93-11f0-94ba-088e9008c950'
    'x-ms-version': 'REDACTED'
    'x-ms-creation-time': 'REDACTED'
    'x-ms-blob-content-md5': 'REDACTED'
    'x-ms-lease-status': 'REDACTED'
    'x-ms-lease-state': 'REDACTED'
    'x-ms-blob-type': 'REDACTED'
    'x-ms-server-encrypted': 'REDACTED'
    'Date': 'Thu, 10 Jul 2025 13:43:59 GMT'
2025-07-10 16:43:59,471 - azure.core.pipeline.policies.http_logging_policy - INFO - Request URL: 'https://egenthub7616267901.blob.core.windows.net/user-configs/ecihan%40egekimya.com.json'
Request method: 'GET'
Request headers:
    'x-ms-range': 'REDACTED'
    'x-ms-version': 'REDACTED'
    'Accept': 'application/xml'
    'User-Agent': 'azsdk-python-storage-blob/12.23.1 Python/3.11.9 (Windows-10-10.0.22631-SP0)'
    'x-ms-date': 'REDACTED'
    'x-ms-client-request-id': 'eeb1e8f5-5d93-11f0-aa1b-088e9008c950'
    'Authorization': 'REDACTED'
No body was attached to the request
2025-07-10 16:43:59,596 - urllib3.connectionpool - DEBUG - https://egenthub7616267901.blob.core.windows.net:443 "GET /user-configs/ecihan%40egekimya.com.json HTTP/1.1" 206 386
2025-07-10 16:43:59,597 - azure.core.pipeline.policies.http_logging_policy - INFO - Response status: 206
Response headers:
    'Content-Length': '386'
    'Content-Type': 'application/octet-stream'
    'Content-Range': 'REDACTED'
    'Last-Modified': 'Thu, 10 Jul 2025 12:43:05 GMT'
    'Accept-Ranges': 'REDACTED'
    'ETag': '"0x8DDBFAF513C4671"'
    'Vary': 'REDACTED'
    'Server': 'Windows-Azure-Blob/1.0 Microsoft-HTTPAPI/2.0'
    'x-ms-request-id': '2e767d97-101e-0067-08a0-f1aa26000000'
    'x-ms-client-request-id': 'eeb1e8f5-5d93-11f0-aa1b-088e9008c950'
    'x-ms-version': 'REDACTED'
    'x-ms-creation-time': 'REDACTED'
    'x-ms-blob-content-md5': 'REDACTED'
    'x-ms-lease-status': 'REDACTED'
    'x-ms-lease-state': 'REDACTED'
    'x-ms-blob-type': 'REDACTED'
    'x-ms-server-encrypted': 'REDACTED'
    'Date': 'Thu, 10 Jul 2025 13:43:59 GMT'
2025-07-10 16:43:59,599 - azure.core.pipeline.policies.http_logging_policy - INFO - Request URL: 'https://egenthub7616267901.blob.core.windows.net/user-configs/eural%40egekimya.com.json'
Request method: 'GET'
Request headers:
    'x-ms-range': 'REDACTED'
    'x-ms-version': 'REDACTED'
    'Accept': 'application/xml'
    'User-Agent': 'azsdk-python-storage-blob/12.23.1 Python/3.11.9 (Windows-10-10.0.22631-SP0)'
    'x-ms-date': 'REDACTED'
    'x-ms-client-request-id': 'eec598ca-5d93-11f0-9813-088e9008c950'
    'Authorization': 'REDACTED'
No body was attached to the request
2025-07-10 16:43:59,725 - urllib3.connectionpool - DEBUG - https://egenthub7616267901.blob.core.windows.net:443 "GET /user-configs/eural%40egekimya.com.json HTTP/1.1" 206 385
2025-07-10 16:43:59,726 - azure.core.pipeline.policies.http_logging_policy - INFO - Response status: 206
Response headers:
    'Content-Length': '385'
    'Content-Type': 'application/octet-stream'
    'Content-Range': 'REDACTED'
    'Last-Modified': 'Thu, 10 Jul 2025 13:36:13 GMT'
    'Accept-Ranges': 'REDACTED'
    'ETag': '"0x8DDBFB6BCE7F2C0"'
    'Vary': 'REDACTED'
    'Server': 'Windows-Azure-Blob/1.0 Microsoft-HTTPAPI/2.0'
    'x-ms-request-id': '2e767e3e-101e-0067-23a0-f1aa26000000'
    'x-ms-client-request-id': 'eec598ca-5d93-11f0-9813-088e9008c950'
    'x-ms-version': 'REDACTED'
    'x-ms-creation-time': 'REDACTED'
    'x-ms-blob-content-md5': 'REDACTED'
    'x-ms-lease-status': 'REDACTED'
    'x-ms-lease-state': 'REDACTED'
    'x-ms-blob-type': 'REDACTED'
    'x-ms-server-encrypted': 'REDACTED'
    'Date': 'Thu, 10 Jul 2025 13:43:59 GMT'
2025-07-10 16:43:59,730 - azure.core.pipeline.policies.http_logging_policy - INFO - Request URL: 'https://egenthub7616267901.blob.core.windows.net/user-configs/admin.json'
Request method: 'GET'
Request headers:
    'x-ms-range': 'REDACTED'
    'x-ms-version': 'REDACTED'
    'Accept': 'application/xml'
    'User-Agent': 'azsdk-python-storage-blob/12.23.1 Python/3.11.9 (Windows-10-10.0.22631-SP0)'
    'x-ms-date': 'REDACTED'
    'x-ms-client-request-id': 'eed99eed-5d93-11f0-9815-088e9008c950'
    'Authorization': 'REDACTED'
No body was attached to the request
2025-07-10 16:43:59,859 - urllib3.connectionpool - DEBUG - https://egenthub7616267901.blob.core.windows.net:443 "GET /user-configs/admin.json HTTP/1.1" 206 257
2025-07-10 16:43:59,860 - azure.core.pipeline.policies.http_logging_policy - INFO - Response status: 206
Response headers:
    'Content-Length': '257'
    'Content-Type': 'application/octet-stream'
    'Content-Range': 'REDACTED'
    'Last-Modified': 'Thu, 10 Jul 2025 13:35:07 GMT'
    'Accept-Ranges': 'REDACTED'
    'ETag': '"0x8DDBFB695A74782"'
    'Vary': 'REDACTED'
    'Server': 'Windows-Azure-Blob/1.0 Microsoft-HTTPAPI/2.0'
    'x-ms-request-id': '2e767f09-101e-0067-51a0-f1aa26000000'
    'x-ms-client-request-id': 'eed99eed-5d93-11f0-9815-088e9008c950'
    'x-ms-version': 'REDACTED'
    'x-ms-creation-time': 'REDACTED'
    'x-ms-blob-content-md5': 'REDACTED'
    'x-ms-lease-status': 'REDACTED'
    'x-ms-lease-state': 'REDACTED'
    'x-ms-blob-type': 'REDACTED'
    'x-ms-server-encrypted': 'REDACTED'
    'Date': 'Thu, 10 Jul 2025 13:43:59 GMT'
